01:02:59.948 [Task worker 1] INFO  o.a.AndroidAnnotationProcessor:86 - Initialize AndroidAnnotationProcessor with options {}
01:09:38.74 [Task worker 1] INFO  o.a.AndroidAnnotationProcessor:86 - Initialize AndroidAnnotationProcessor with options {}
01:11:44.291 [Task worker 1] INFO  o.a.AndroidAnnotationProcessor:86 - Initialize AndroidAnnotationProcessor with options {}
01:13:03.536 [Task worker 1] INFO  o.a.AndroidAnnotationProcessor:86 - Initialize AndroidAnnotationProcessor with options {}
01:13:04.82 [Task worker 1] INFO  o.a.AndroidAnnotationProcessor:117 - Start processing for 25 annotations on 64 elements
01:13:05.282 [Task worker 1] ERROR o.a.h.AndroidManifestFinder:134 - Could not find the AndroidManifest.xml file, going up from path [/home/ljan/projects/fsdroid/build/source/apt/debug] found using dummy file [] (max atempts: file:///home/ljan/projects/fsdroid/build/source/apt/debug/dummy1389485585280.java)
01:13:05.284 [Task worker 1] INFO  o.a.p.TimeStats:81 - Time measurements: [Whole Processing = 1202 ms], [Extract Annotations = 1190 ms], [Extract Manifest = 8 ms], 
01:13:05.285 [Task worker 1] INFO  o.a.AndroidAnnotationProcessor:131 - Finish processing
01:15:01.646 [Task worker 1] INFO  o.a.AndroidAnnotationProcessor:86 - Initialize AndroidAnnotationProcessor with options {}
01:15:02.171 [Task worker 1] INFO  o.a.AndroidAnnotationProcessor:117 - Start processing for 26 annotations on 64 elements
01:15:02.530 [Task worker 1] ERROR o.a.h.AndroidManifestFinder:134 - Could not find the AndroidManifest.xml file, going up from path [/home/ljan/projects/fsdroid/build/source/apt/debug] found using dummy file [] (max atempts: file:///home/ljan/projects/fsdroid/build/source/apt/debug/dummy1389485702528.java)
01:15:02.532 [Task worker 1] INFO  o.a.p.TimeStats:81 - Time measurements: [Whole Processing = 361 ms], [Extract Annotations = 343 ms], [Extract Manifest = 11 ms], 
01:15:02.535 [Task worker 1] INFO  o.a.AndroidAnnotationProcessor:131 - Finish processing
01:17:39.800 [Daemon Thread 10] INFO  o.a.AndroidAnnotationProcessor:86 - Initialize AndroidAnnotationProcessor with options {}
01:17:40.344 [Daemon Thread 10] INFO  o.a.AndroidAnnotationProcessor:117 - Start processing for 26 annotations on 64 elements
01:17:40.665 [Daemon Thread 10] ERROR o.a.h.AndroidManifestFinder:134 - Could not find the AndroidManifest.xml file, going up from path [/home/ljan/projects/fsdroid/build/source/apt/debug] found using dummy file [] (max atempts: file:///home/ljan/projects/fsdroid/build/source/apt/debug/dummy1389485860659.java)
01:17:40.668 [Daemon Thread 10] INFO  o.a.p.TimeStats:81 - Time measurements: [Whole Processing = 324 ms], [Extract Annotations = 303 ms], [Extract Manifest = 16 ms], 
01:17:40.670 [Daemon Thread 10] INFO  o.a.AndroidAnnotationProcessor:131 - Finish processing
01:20:32.769 [Daemon Thread 11] INFO  o.a.AndroidAnnotationProcessor:86 - Initialize AndroidAnnotationProcessor with options {}
01:20:33.366 [Daemon Thread 11] INFO  o.a.AndroidAnnotationProcessor:117 - Start processing for 26 annotations on 64 elements
01:20:33.711 [Daemon Thread 11] ERROR o.a.h.AndroidManifestFinder:134 - Could not find the AndroidManifest.xml file, going up from path [/home/ljan/projects/fsdroid/build/source/apt/debug] found using dummy file [] (max atempts: file:///home/ljan/projects/fsdroid/build/source/apt/debug/dummy1389486033690.java)
01:20:33.713 [Daemon Thread 11] INFO  o.a.p.TimeStats:81 - Time measurements: [Whole Processing = 348 ms], [Extract Annotations = 313 ms], [Extract Manifest = 28 ms], 
01:20:33.717 [Daemon Thread 11] INFO  o.a.AndroidAnnotationProcessor:131 - Finish processing
01:23:27.537 [Task worker 1] INFO  o.a.AndroidAnnotationProcessor:86 - Initialize AndroidAnnotationProcessor with options {}
01:23:27.959 [Task worker 1] INFO  o.a.AndroidAnnotationProcessor:117 - Start processing for 26 annotations on 64 elements
01:23:28.105 [Task worker 1] ERROR o.a.h.AndroidManifestFinder:134 - Could not find the AndroidManifest.xml file, going up from path [/home/ljan/projects/fsdroid/build/source/apt/debug] found using dummy file [] (max atempts: file:///home/ljan/projects/fsdroid/build/source/apt/debug/dummy1389486208103.java)
01:23:28.107 [Task worker 1] INFO  o.a.p.TimeStats:81 - Time measurements: [Whole Processing = 148 ms], [Extract Annotations = 134 ms], [Extract Manifest = 8 ms], 
01:23:28.109 [Task worker 1] INFO  o.a.AndroidAnnotationProcessor:131 - Finish processing
01:26:16.709 [Daemon Thread 12] INFO  o.a.AndroidAnnotationProcessor:86 - Initialize AndroidAnnotationProcessor with options {}
01:26:17.96 [Daemon Thread 12] INFO  o.a.AndroidAnnotationProcessor:117 - Start processing for 26 annotations on 64 elements
01:26:17.245 [Daemon Thread 12] ERROR o.a.h.AndroidManifestFinder:134 - Could not find the AndroidManifest.xml file, going up from path [/home/ljan/projects/fsdroid/build/source/apt/debug] found using dummy file [] (max atempts: file:///home/ljan/projects/fsdroid/build/source/apt/debug/dummy1389486377228.java)
01:26:17.248 [Daemon Thread 12] INFO  o.a.p.TimeStats:81 - Time measurements: [Whole Processing = 151 ms], [Extract Annotations = 122 ms], [Extract Manifest = 25 ms], 
01:26:17.250 [Daemon Thread 12] INFO  o.a.AndroidAnnotationProcessor:131 - Finish processing
01:28:24.720 [Daemon Thread 13] INFO  o.a.AndroidAnnotationProcessor:86 - Initialize AndroidAnnotationProcessor with options {}
01:28:25.94 [Daemon Thread 13] INFO  o.a.AndroidAnnotationProcessor:117 - Start processing for 26 annotations on 64 elements
01:28:25.380 [Daemon Thread 13] DEBUG o.a.h.AndroidManifestFinder:137 - AndroidManifest.xml file found in parent folder /home/ljan/projects/fsdroid: /home/ljan/projects/fsdroid/AndroidManifest.xml
01:28:26.657 [Daemon Thread 13] INFO  o.a.AndroidAnnotationProcessor:180 - AndroidManifest.xml found: AndroidManifest [applicationPackage=de.upb.fsmi, componentQualifiedNames=[de.upb.fsmi.FSDroid_, de.upb.fsmi.Map_, de.upb.fsmi.SingleNews_, de.upb.fsmi.widget.StatusAppWidgetProvider], permissionQualifiedNames=[android.permission.INTERNET, android.permission.ACCESS_NETWORK_STATE, android.permission.READ_EXTERNAL_STORAGE, android.permission.WRITE_EXTERNAL_STORAGE], applicationClassName=de.upb.fsmi.FSApplication_, libraryProject=false, debugabble=false, minSdkVersion=8, maxSdkVersion=-1, targetSdkVersion=18]
01:28:26.662 [Daemon Thread 13] INFO  o.a.r.ProjectRClassFinder:48 - Found project R class: de.upb.fsmi.R
01:28:26.733 [Daemon Thread 13] INFO  o.a.r.AndroidRClassFinder:44 - Found Android class: android.R
01:28:26.834 [Daemon Thread 13] INFO  o.a.p.ModelValidator:42 - Validating elements
01:28:26.836 [Daemon Thread 13] DEBUG o.a.p.ModelValidator:62 - Validating with EApplicationHandler: [de.upb.fsmi.FSApplication]
01:28:26.841 [Daemon Thread 13] DEBUG o.a.p.ModelValidator:62 - Validating with EActivityHandler: [de.upb.fsmi.Map, de.upb.fsmi.FSDroid, de.upb.fsmi.SingleNews]
01:28:26.864 [Daemon Thread 13] DEBUG o.a.p.ModelValidator:62 - Validating with EFragmentHandler: [de.upb.fsmi.fragments.ContactFragment, de.upb.fsmi.fragments.OverviewFragment, de.upb.fsmi.fragments.NewsFragment, de.upb.fsmi.fragments.LibrariesFragment, de.upb.fsmi.fragments.MeetingDateFragment, de.upb.fsmi.fragments.NewsDetailsFragment, de.upb.fsmi.fragments.MapFragment, de.upb.fsmi.fragments.NewsItemFragment, de.upb.fsmi.fragments.StatusViewFragment]
01:28:26.880 [Daemon Thread 13] DEBUG o.a.p.ModelValidator:62 - Validating with EBeanHandler: [de.upb.fsmi.helper.DataKeeper, de.upb.fsmi.helper.ConnectionBean, de.upb.fsmi.rest.RestBean, de.upb.fsmi.cards.NewsCard]
01:28:26.882 [Daemon Thread 13] DEBUG o.a.p.ModelValidator:62 - Validating with EViewGroupHandler: [de.upb.fsmi.cards.views.NewsCardView, de.upb.fsmi.cards.views.MeetingCardView, de.upb.fsmi.cards.views.LibraryCardView, de.upb.fsmi.cards.views.StatusCardView, de.upb.fsmi.cards.views.ContactCardView]
01:28:26.892 [Daemon Thread 13] DEBUG o.a.p.ModelValidator:62 - Validating with EViewHandler: [de.upb.fsmi.views.MyMapView]
01:28:26.894 [Daemon Thread 13] DEBUG o.a.p.ModelValidator:62 - Validating with SharedPrefHandler: [de.upb.fsmi.helper.MeetingPrefs]
01:28:26.924 [Daemon Thread 13] DEBUG o.a.p.ModelValidator:62 - Validating with PrefHandler: [meetingPrefs, mPrefs]
01:28:26.938 [Daemon Thread 13] DEBUG o.a.p.ModelValidator:62 - Validating with ViewByIdHandler: [newsHeadline, newsText, txtMeetingDate, txtLibraryDescription, txtLibraryLink, txtLibraryLicense, txtLibraryName, imgLibraryLink, txtStatus, txtDescriptionStatus, imgStatus, txtTelephone, txtMail, txtAddress, cardsview, cardsView, cardsview, cardsview, newsTitle, newsDate, newsContent, mapView, newsDate, newsContent]
01:28:26.982 [Daemon Thread 13] DEBUG o.a.p.ModelValidator:62 - Validating with FragmentByIdHandler: [newsDetailsFragment]
01:28:26.995 [Daemon Thread 13] DEBUG o.a.p.ModelValidator:62 - Validating with ClickHandler: [navigationDrawerElementsClicked(android.view.View), showNewsDetails(), goToWebsite()]
01:28:27.7 [Daemon Thread 13] DEBUG o.a.p.ModelValidator:62 - Validating with ResHandler: [newsLoadingTitle, newsLoadingTitle, newsLoadingDescription, fsmiAddress, fsmiMail, fsmiTelephone, fsmiQueryAddress, fsmiAddress, fsmiMail, fsmiTelephone, fsmiQueryAddress, contact, misc, news, about, news, map]
01:28:27.33 [Daemon Thread 13] DEBUG o.a.p.ModelValidator:62 - Validating with ResHandler: [stati, libraryLicenses, libraryNames, libraryLinks, libraryDescriptions]
01:28:27.47 [Daemon Thread 13] DEBUG o.a.p.ModelValidator:62 - Validating with ExtraHandler: [news_id]
01:28:27.49 [Daemon Thread 13] DEBUG o.a.p.ModelValidator:62 - Validating with SystemServiceHandler: [cm]
01:28:27.51 [Daemon Thread 13] DEBUG o.a.p.ModelValidator:62 - Validating with RestHandler: [de.upb.fsmi.rest.RssRest]
01:28:27.64 [Daemon Thread 13] DEBUG o.a.p.ModelValidator:62 - Validating with GetHandler: [getNews()]
01:28:27.70 [Daemon Thread 13] DEBUG o.a.p.ModelValidator:62 - Validating with OptionsMenuHandler: [de.upb.fsmi.fragments.ContactFragment, de.upb.fsmi.fragments.OverviewFragment, de.upb.fsmi.fragments.NewsFragment]
01:28:27.80 [Daemon Thread 13] DEBUG o.a.p.ModelValidator:62 - Validating with OptionsItemHandler: [up(), toggleDrawer(), up(), addFsmiToContacts(), refresh(), refreshNews()]
01:28:27.96 [Daemon Thread 13] DEBUG o.a.p.ModelValidator:62 - Validating with RestServiceHandler: [rss]
01:28:27.102 [Daemon Thread 13] DEBUG o.a.p.ModelValidator:62 - Validating with RootContextHanlder: [context]
01:28:27.105 [Daemon Thread 13] DEBUG o.a.p.ModelValidator:62 - Validating with BeanHandler: [connectionBean, dataKeeper, dataKeeper, mRss, dataKeeper, dataKeeper]
01:28:27.111 [Daemon Thread 13] DEBUG o.a.p.ModelValidator:62 - Validating with AfterInjectHandler: [updateTimeot(), initLibraries()]
01:28:27.115 [Daemon Thread 13] DEBUG o.a.p.ModelValidator:62 - Validating with AfterViewsHandler: [init(), passToFragment(), bindActions(), showContent(), updateTitle(), initCardView(), initCardView(), showStuff(), initCardView(), initCardView()]
01:28:27.121 [Daemon Thread 13] DEBUG o.a.p.ModelValidator:62 - Validating with UiThreadHandler: [initCardView(), refreshCards(), initCardView(), displayKnownNews(), displayProgressBar(boolean), showNews(java.util.List<de.upb.fsmi.news.persistence.NewsItem>), updateCompleted(), initCardView(), displayDate(java.util.Date), refreshDisplayedData(), bind(de.upb.fsmi.news.persistence.NewsItem), initCardView(), refreshDisplayedData()]
01:28:27.130 [Daemon Thread 13] DEBUG o.a.p.ModelValidator:62 - Validating with BackgroundHandler: [refresh(de.upb.fsmi.widget.StatusAppWidgetProvider.Call), refreshData(), refreshNews(), refreshDate(), displayNewsItemFromId(long)]
01:28:27.178 [Daemon Thread 13] INFO  o.a.p.ModelProcessor:73 - Processing root elements
01:28:27.180 [Daemon Thread 13] DEBUG o.a.p.ModelProcessor:80 - Processing root elements EApplicationHandler: [de.upb.fsmi.FSApplication]
01:28:27.262 [Daemon Thread 13] DEBUG o.a.p.ModelProcessor:80 - Processing root elements EActivityHandler: [de.upb.fsmi.SingleNews, de.upb.fsmi.FSDroid, de.upb.fsmi.Map]
01:28:27.364 [Daemon Thread 13] DEBUG o.a.p.ModelProcessor:80 - Processing root elements EFragmentHandler: [de.upb.fsmi.fragments.MapFragment, de.upb.fsmi.fragments.NewsDetailsFragment, de.upb.fsmi.fragments.NewsFragment, de.upb.fsmi.fragments.OverviewFragment, de.upb.fsmi.fragments.NewsItemFragment, de.upb.fsmi.fragments.StatusViewFragment, de.upb.fsmi.fragments.ContactFragment, de.upb.fsmi.fragments.LibrariesFragment, de.upb.fsmi.fragments.MeetingDateFragment]
01:28:27.386 [Daemon Thread 13] DEBUG o.a.p.ModelProcessor:80 - Processing root elements EBeanHandler: [de.upb.fsmi.helper.DataKeeper, de.upb.fsmi.rest.RestBean, de.upb.fsmi.helper.ConnectionBean, de.upb.fsmi.cards.NewsCard]
01:28:27.393 [Daemon Thread 13] DEBUG o.a.p.ModelProcessor:80 - Processing root elements EViewGroupHandler: [de.upb.fsmi.cards.views.ContactCardView, de.upb.fsmi.cards.views.MeetingCardView, de.upb.fsmi.cards.views.StatusCardView, de.upb.fsmi.cards.views.NewsCardView, de.upb.fsmi.cards.views.LibraryCardView]
01:28:27.412 [Daemon Thread 13] DEBUG o.a.p.ModelProcessor:80 - Processing root elements EViewHandler: [de.upb.fsmi.views.MyMapView]
01:28:27.414 [Daemon Thread 13] DEBUG o.a.p.ModelProcessor:80 - Processing root elements SharedPrefHandler: [de.upb.fsmi.helper.MeetingPrefs]
01:28:27.461 [Daemon Thread 13] DEBUG o.a.p.ModelProcessor:80 - Processing root elements RestHandler: [de.upb.fsmi.rest.RssRest]
01:28:27.480 [Daemon Thread 13] INFO  o.a.p.ModelProcessor:104 - Processing enclosed elements
01:28:27.608 [Daemon Thread 13] INFO  o.a.AndroidAnnotationProcessor:259 - Number of files generated by AndroidAnnotations: 25
01:28:27.620 [Daemon Thread 13] INFO  o.a.g.ApiCodeGenerator:52 - Writting following API classes in project: [class org.androidannotations.api.BackgroundExecutor, class org.androidannotations.api.SdkVersionHelper]
01:28:27.895 [Daemon Thread 13] DEBUG o.a.g.SourceCodewriter:55 - Generating class: de.upb.fsmi.cards.views.ContactCardView_
01:28:28.0 [Daemon Thread 13] DEBUG o.a.g.SourceCodewriter:55 - Generating class: de.upb.fsmi.cards.views.LibraryCardView_
01:28:28.89 [Daemon Thread 13] DEBUG o.a.g.SourceCodewriter:55 - Generating class: de.upb.fsmi.cards.views.MeetingCardView_
01:28:28.184 [Daemon Thread 13] DEBUG o.a.g.SourceCodewriter:55 - Generating class: de.upb.fsmi.cards.views.NewsCardView_
01:28:28.421 [Daemon Thread 13] DEBUG o.a.g.SourceCodewriter:55 - Generating class: de.upb.fsmi.cards.views.StatusCardView_
01:28:28.487 [Daemon Thread 13] DEBUG o.a.g.SourceCodewriter:55 - Generating class: de.upb.fsmi.rest.RestBean_
01:28:28.500 [Daemon Thread 13] DEBUG o.a.g.SourceCodewriter:55 - Generating class: de.upb.fsmi.rest.RssRest_
01:28:28.526 [Daemon Thread 13] DEBUG o.a.g.SourceCodewriter:55 - Generating class: de.upb.fsmi.helper.ConnectionBean_
01:28:28.544 [Daemon Thread 13] DEBUG o.a.g.SourceCodewriter:55 - Generating class: de.upb.fsmi.helper.DataKeeper_
01:28:28.570 [Daemon Thread 13] DEBUG o.a.g.SourceCodewriter:55 - Generating class: de.upb.fsmi.helper.MeetingPrefs_
01:28:28.636 [Daemon Thread 13] DEBUG o.a.g.SourceCodewriter:55 - Generating class: de.upb.fsmi.fragments.ContactFragment_
01:28:28.702 [Daemon Thread 13] DEBUG o.a.g.SourceCodewriter:55 - Generating class: de.upb.fsmi.fragments.LibrariesFragment_
01:28:28.765 [Daemon Thread 13] DEBUG o.a.g.SourceCodewriter:55 - Generating class: de.upb.fsmi.fragments.MapFragment_
01:28:28.819 [Daemon Thread 13] DEBUG o.a.g.SourceCodewriter:55 - Generating class: de.upb.fsmi.fragments.MeetingDateFragment_
01:28:28.903 [Daemon Thread 13] DEBUG o.a.g.SourceCodewriter:55 - Generating class: de.upb.fsmi.fragments.NewsDetailsFragment_
01:28:28.984 [Daemon Thread 13] DEBUG o.a.g.SourceCodewriter:55 - Generating class: de.upb.fsmi.fragments.NewsFragment_
01:28:29.104 [Daemon Thread 13] DEBUG o.a.g.SourceCodewriter:55 - Generating class: de.upb.fsmi.fragments.NewsItemFragment_
01:28:29.165 [Daemon Thread 13] DEBUG o.a.g.SourceCodewriter:55 - Generating class: de.upb.fsmi.fragments.OverviewFragment_
01:28:29.271 [Daemon Thread 13] DEBUG o.a.g.SourceCodewriter:55 - Generating class: de.upb.fsmi.fragments.StatusViewFragment_
01:28:29.339 [Daemon Thread 13] DEBUG o.a.g.SourceCodewriter:55 - Generating class: de.upb.fsmi.views.MyMapView_
01:28:29.365 [Daemon Thread 13] DEBUG o.a.g.SourceCodewriter:55 - Generating class: de.upb.fsmi.FSApplication_
01:28:29.381 [Daemon Thread 13] DEBUG o.a.g.SourceCodewriter:55 - Generating class: de.upb.fsmi.FSDroid_
01:28:29.562 [Daemon Thread 13] DEBUG o.a.g.SourceCodewriter:55 - Generating class: de.upb.fsmi.Map_
01:28:29.649 [Daemon Thread 13] DEBUG o.a.g.SourceCodewriter:55 - Generating class: de.upb.fsmi.SingleNews_
01:28:29.753 [Daemon Thread 13] DEBUG o.a.g.SourceCodewriter:55 - Generating class: de.upb.fsmi.cards.NewsCard_
01:28:29.771 [Daemon Thread 13] INFO  o.a.p.TimeStats:81 - Time measurements: [Whole Processing = 4678 ms], [Generate Sources = 2164 ms], [Extract Manifest = 1289 ms], [Process Annotations = 474 ms], [Validate Annotations = 302 ms], [Extract Annotations = 264 ms], [Find R Classes = 134 ms], 
01:28:29.773 [Daemon Thread 13] INFO  o.a.AndroidAnnotationProcessor:131 - Finish processing
